c:\huangxingxing\multi-core-pragrammming\mfcapplication1\mfcapplication1\x64\release\mfcapplication1.pch
c:\huangxingxing\multi-core-pragrammming\mfcapplication1\mfcapplication1\x64\release\vc120.pdb
c:\huangxingxing\multi-core-pragrammming\mfcapplication1\mfcapplication1\x64\release\stdafx.obj
c:\huangxingxing\multi-core-pragrammming\mfcapplication1\mfcapplication1\x64\release\mfcapplication1dlg.obj
c:\huangxingxing\multi-core-pragrammming\mfcapplication1\mfcapplication1\x64\release\mfcapplication1.obj
c:\huangxingxing\multi-core-pragrammming\mfcapplication1\mfcapplication1\x64\release\mfcapplication1.res
c:\huangxingxing\multi-core-pragrammming\mfcapplication1\x64\release\mfcapplication1.pdb
c:\huangxingxing\multi-core-pragrammming\mfcapplication1\mfcapplication1\x64\release\mfcapplication1.tlog\cl.command.1.tlog
c:\huangxingxing\multi-core-pragrammming\mfcapplication1\mfcapplication1\x64\release\mfcapplication1.tlog\cl.read.1.tlog
c:\huangxingxing\multi-core-pragrammming\mfcapplication1\mfcapplication1\x64\release\mfcapplication1.tlog\cl.write.1.tlog
c:\huangxingxing\multi-core-pragrammming\mfcapplication1\mfcapplication1\x64\release\mfcapplication1.tlog\link-cvtres.read.1.tlog
c:\huangxingxing\multi-core-pragrammming\mfcapplication1\mfcapplication1\x64\release\mfcapplication1.tlog\link-cvtres.write.1.tlog
c:\huangxingxing\multi-core-pragrammming\mfcapplication1\mfcapplication1\x64\release\mfcapplication1.tlog\link-mt.read.1.tlog
c:\huangxingxing\multi-core-pragrammming\mfcapplication1\mfcapplication1\x64\release\mfcapplication1.tlog\link-mt.write.1.tlog
c:\huangxingxing\multi-core-pragrammming\mfcapplication1\mfcapplication1\x64\release\mfcapplication1.tlog\link-rc.read.1.tlog
c:\huangxingxing\multi-core-pragrammming\mfcapplication1\mfcapplication1\x64\release\mfcapplication1.tlog\link-rc.write.1.tlog
c:\huangxingxing\multi-core-pragrammming\mfcapplication1\mfcapplication1\x64\release\mfcapplication1.tlog\link.command.1.tlog
c:\huangxingxing\multi-core-pragrammming\mfcapplication1\mfcapplication1\x64\release\mfcapplication1.tlog\link.read.1.tlog
c:\huangxingxing\multi-core-pragrammming\mfcapplication1\mfcapplication1\x64\release\mfcapplication1.tlog\link.write.1.tlog
c:\huangxingxing\multi-core-pragrammming\mfcapplication1\mfcapplication1\x64\release\mfcapplication1.tlog\rc.command.1.tlog
c:\huangxingxing\multi-core-pragrammming\mfcapplication1\mfcapplication1\x64\release\mfcapplication1.tlog\rc.read.1.tlog
c:\huangxingxing\multi-core-pragrammming\mfcapplication1\mfcapplication1\x64\release\mfcapplication1.tlog\rc.write.1.tlog
