生成启动时间为 2018/10/17 14:11:58。
     1>项目“C:\huangxingxing\multi-core-pragrammming\MFCApplication1\MFCApplication1\MFCApplication1.vcxproj”在节点 2 上(Rebuild 个目标)。
     1>ClCompile:
         C:\huangxingxing\learn tools\VS\VC\bin\x86_amd64\CL.exe /c /Zi /nologo /W3 /WX- /sdl /O2 /Oi /GL /D WIN32 /D _WINDOWS /D NDEBUG /D _CRT_SECURE_NO_WARNINGS /D _UNICODE /D UNICODE /D _AFXDLL /Gm- /EHsc /MD /GS /Gy /fp:precise /Zc:wchar_t /Zc:forScope /Yc"stdafx.h" /Fp"x64\Release\MFCApplication1.pch" /Fo"x64\Release\\" /Fd"x64\Release\vc120.pdb" /Gd /TP /errorReport:prompt stdafx.cpp
         stdafx.cpp
         C:\huangxingxing\learn tools\VS\VC\bin\x86_amd64\CL.exe /c /Zi /nologo /W3 /WX- /sdl /O2 /Oi /GL /D WIN32 /D _WINDOWS /D NDEBUG /D _CRT_SECURE_NO_WARNINGS /D _UNICODE /D UNICODE /D _AFXDLL /Gm- /EHsc /MD /GS /Gy /fp:precise /Zc:wchar_t /Zc:forScope /Yu"stdafx.h" /Fp"x64\Release\MFCApplication1.pch" /Fo"x64\Release\\" /Fd"x64\Release\vc120.pdb" /Gd /TP /errorReport:prompt MFCApplication1.cpp MFCApplication1Dlg.cpp
         MFCApplication1.cpp
         MFCApplication1Dlg.cpp
       ResourceCompile:
         C:\Program Files (x86)\Windows Kits\8.1\bin\x86\rc.exe /D NDEBUG /D _UNICODE /D UNICODE /D _AFXDLL /l"0x0804" /Ix64\Release\ /nologo /fo"x64\Release\MFCApplication1.res" MFCApplication1.rc 
       Link:
         C:\huangxingxing\learn tools\VS\VC\bin\x86_amd64\link.exe /ERRORREPORT:PROMPT /OUT:"C:\huangxingxing\multi-core-pragrammming\MFCApplication1\x64\Release\MFCApplication1.exe" /INCREMENTAL:NO /NOLOGO opencv_calib3d249d.lib opencv_contrib249d.lib opencv_core249d.lib opencv_features2d249d.lib opencv_flann249d.lib opencv_calib3d249.lib opencv_contrib249.lib opencv_core249.lib opencv_features2d249.lib opencv_flann249.lib opencv_gpu249.lib opencv_highgui249.lib opencv_imgproc249.lib opencv_legacy249.lib opencv_ml249.lib opencv_nonfree249.lib opencv_objdetect249.lib opencv_photo249.lib opencv_stitching249.lib opencv_ts249.lib opencv_video249.lib opencv_videostab249.lib opencv_gpu249d.lib opencv_highgui249d.lib opencv_imgproc249d.lib opencv_legacy249d.lib opencv_ml249d.lib opencv_nonfree249d.lib opencv_objdetect249d.lib opencv_photo249d.lib opencv_stitching249d.lib opencv_ts249d.lib opencv_video249d.lib opencv_videostab249d.lib /MANIFEST /MANIFESTUAC:"level='asInvoker' uiAccess='false'" /manifest:embed /manifestinput:"C:\huangxingxing\learn tools\VS\VC\Include\Manifest\dpiaware.manifest" /DEBUG /PDB:"C:\huangxingxing\multi-core-pragrammming\MFCApplication1\x64\Release\MFCApplication1.pdb" /SUBSYSTEM:WINDOWS /OPT:REF /OPT:ICF /LTCG /TLBID:1 /ENTRY:"wWinMainCRTStartup" /DYNAMICBASE /NXCOMPAT /IMPLIB:"C:\huangxingxing\multi-core-pragrammming\MFCApplication1\x64\Release\MFCApplication1.lib" /MACHINE:X64 x64\Release\MFCApplication1.res
         x64\Release\MFCApplication1.obj
         x64\Release\MFCApplication1Dlg.obj
         x64\Release\stdafx.obj
         正在生成代码
         已完成代码的生成
         MFCApplication1.vcxproj -> C:\huangxingxing\multi-core-pragrammming\MFCApplication1\x64\Release\MFCApplication1.exe
     1>已完成生成项目“C:\huangxingxing\multi-core-pragrammming\MFCApplication1\MFCApplication1\MFCApplication1.vcxproj”(Rebuild 个目标)的操作。

生成成功。

已用时间 00:00:04.09
