生成启动时间为 2018/10/16 23:36:13。
     1>项目“C:\huangxingxing\multi-core-pragrammming\MFCApplication1\MFCApplication1\MFCApplication1.vcxproj”在节点 2 上(Build 个目标)。
     1>ResourceCompile:
         C:\Program Files (x86)\Windows Kits\8.1\bin\x86\rc.exe /D NDEBUG /D _UNICODE /D UNICODE /D _AFXDLL /l"0x0804" /IRelease\ /nologo /fo"Release\MFCApplication1.res" MFCApplication1.rc 
       Link:
         C:\huangxingxing\learn tools\VS\VC\bin\link.exe /ERRORREPORT:PROMPT /OUT:"C:\huangxingxing\multi-core-pragrammming\MFCApplication1\Release\MFCApplication1.exe" /INCREMENTAL:NO /NOLOGO opencv_calib3d249d.lib opencv_contrib249d.lib opencv_core249d.lib opencv_features2d249d.lib opencv_flann249d.lib opencv_calib3d249.lib opencv_contrib249.lib opencv_core249.lib opencv_features2d249.lib opencv_flann249.lib opencv_gpu249.lib opencv_highgui249.lib opencv_imgproc249.lib opencv_legacy249.lib opencv_ml249.lib opencv_nonfree249.lib opencv_objdetect249.lib opencv_photo249.lib opencv_stitching249.lib opencv_ts249.lib opencv_video249.lib opencv_videostab249.lib opencv_gpu249d.lib opencv_highgui249d.lib opencv_imgproc249d.lib opencv_legacy249d.lib opencv_ml249d.lib opencv_nonfree249d.lib opencv_objdetect249d.lib opencv_photo249d.lib opencv_stitching249d.lib opencv_ts249d.lib opencv_video249d.lib opencv_videostab249d.lib /MANIFEST /MANIFESTUAC:"level='asInvoker' uiAccess='false'" /manifest:embed /manifestinput:"C:\huangxingxing\learn tools\VS\VC\Include\Manifest\dpiaware.manifest" /DEBUG /PDB:"C:\huangxingxing\multi-core-pragrammming\MFCApplication1\Release\MFCApplication1.pdb" /SUBSYSTEM:WINDOWS /OPT:REF /OPT:ICF /LTCG /TLBID:1 /ENTRY:"wWinMainCRTStartup" /DYNAMICBASE /NXCOMPAT /IMPLIB:"C:\huangxingxing\multi-core-pragrammming\MFCApplication1\Release\MFCApplication1.lib" /MACHINE:X86 /SAFESEH Release\MFCApplication1.res
         Release\MFCApplication1.obj
         Release\MFCApplication1Dlg.obj
         Release\stdafx.obj
     1>MFCApplication1Dlg.obj : error LNK2001: 无法解析的外部符号 _cvCreateFileCapture
     1>MFCApplication1Dlg.obj : error LNK2001: 无法解析的外部符号 _cvNamedWindow
     1>MFCApplication1Dlg.obj : error LNK2001: 无法解析的外部符号 _cvQueryFrame
     1>MFCApplication1Dlg.obj : error LNK2001: 无法解析的外部符号 _cvShowImage
     1>MFCApplication1Dlg.obj : error LNK2001: 无法解析的外部符号 _cvWaitKey
     1>MFCApplication1Dlg.obj : error LNK2001: 无法解析的外部符号 _cvSaveImage
     1>MFCApplication1Dlg.obj : error LNK2001: 无法解析的外部符号 _cvReleaseCapture
     1>MFCApplication1Dlg.obj : error LNK2001: 无法解析的外部符号 _cvDestroyWindow
     1>C:\huangxingxing\multi-core-pragrammming\MFCApplication1\Release\MFCApplication1.exe : fatal error LNK1120: 8 个无法解析的外部命令
     1>已完成生成项目“C:\huangxingxing\multi-core-pragrammming\MFCApplication1\MFCApplication1\MFCApplication1.vcxproj”(Build 个目标)的操作 - 失败。

生成失败。

已用时间 00:00:00.65
